# JRE version: OpenJDK Runtime Environment (14.0.2+12) (build 14.0.2+12)
# Java VM: OpenJDK 64-Bit Server VM (14.0.2+12, mixed mode, tiered, compressed oops, g1 gc, linux-amd64)
Heap:
 garbage-first heap   total 356352K, used 140544K [0x0000000085200000, 0x0000000100000000)
  region size 1024K, 39 young (39936K), 3 survivors (3072K)
 Metaspace       used 8987K, capacity 9130K, committed 9344K, reserved 1058816K
  class space    used 808K, capacity 848K, committed 896K, reserved 1048576K
GC Heap History (20 events):
Event: 0,835 GC heap before
{Heap before GC invocations=0 (full 0):
 garbage-first heap   total 126976K, used 36864K [0x0000000085200000, 0x0000000100000000)
  region size 1024K, 23 young (23552K), 0 survivors (0K)
 Metaspace       used 8954K, capacity 9066K, committed 9344K, reserved 1058816K
  class space    used 807K, capacity 848K, committed 896K, reserved 1048576K
}
Event: 0,849 GC heap after
{Heap after GC invocations=1 (full 0):
 garbage-first heap   total 126976K, used 30314K [0x0000000085200000, 0x0000000100000000)
  region size 1024K, 3 young (3072K), 3 survivors (3072K)
 Metaspace       used 8954K, capacity 9066K, committed 9344K, reserved 1058816K
  class space    used 807K, capacity 848K, committed 896K, reserved 1048576K
}
Event: 0,861 GC heap before
{Heap before GC invocations=1 (full 0):
 garbage-first heap   total 126976K, used 44650K [0x0000000085200000, 0x0000000100000000)
  region size 1024K, 17 young (17408K), 3 survivors (3072K)
 Metaspace       used 8954K, capacity 9066K, committed 9344K, reserved 1058816K
  class space    used 807K, capacity 848K, committed 896K, reserved 1048576K
}
Event: 0,873 GC heap after
{Heap after GC invocations=2 (full 0):
 garbage-first heap   total 126976K, used 45056K [0x0000000085200000, 0x0000000100000000)
  region size 1024K, 3 young (3072K), 3 survivors (3072K)
 Metaspace       used 8954K, capacity 9066K, committed 9344K, reserved 1058816K
  class space    used 807K, capacity 848K, committed 896K, reserved 1048576K
}
Event: 0,891 GC heap before
{Heap before GC invocations=2 (full 0):
 garbage-first heap   total 126976K, used 66560K [0x0000000085200000, 0x0000000100000000)
  region size 1024K, 24 young (24576K), 3 survivors (3072K)
 Metaspace       used 8954K, capacity 9066K, committed 9344K, reserved 1058816K
  class space    used 807K, capacity 848K, committed 896K, reserved 1048576K
}
Event: 0,908 GC heap after
{Heap after GC invocations=3 (full 0):
 garbage-first heap   total 126976K, used 67072K [0x0000000085200000, 0x0000000100000000)
  region size 1024K, 3 young (3072K), 3 survivors (3072K)
 Metaspace       used 8954K, capacity 9066K, committed 9344K, reserved 1058816K
  class space    used 807K, capacity 848K, committed 896K, reserved 1048576K
}
Event: 0,925 GC heap before
{Heap before GC invocations=3 (full 0):
 garbage-first heap   total 126976K, used 80384K [0x0000000085200000, 0x0000000100000000)
  region size 1024K, 16 young (16384K), 3 survivors (3072K)
 Metaspace       used 8959K, capacity 9130K, committed 9344K, reserved 1058816K
  class space    used 807K, capacity 848K, committed 896K, reserved 1048576K
}
Event: 0,937 GC heap after
{Heap after GC invocations=4 (full 0):
 garbage-first heap   total 126976K, used 80896K [0x0000000085200000, 0x0000000100000000)
  region size 1024K, 2 young (2048K), 2 survivors (2048K)
 Metaspace       used 8959K, capacity 9130K, committed 9344K, reserved 1058816K
  class space    used 807K, capacity 848K, committed 896K, reserved 1048576K
}
Event: 0,950 GC heap before
{Heap before GC invocations=4 (full 0):
 garbage-first heap   total 126976K, used 90112K [0x0000000085200000, 0x0000000100000000)
  region size 1024K, 11 young (11264K), 2 survivors (2048K)
 Metaspace       used 8959K, capacity 9130K, committed 9344K, reserved 1058816K
  class space    used 807K, capacity 848K, committed 896K, reserved 1048576K
}
Event: 0,960 GC heap after
{Heap after GC invocations=5 (full 0):
 garbage-first heap   total 200704K, used 90624K [0x0000000085200000, 0x0000000100000000)
  region size 1024K, 2 young (2048K), 2 survivors (2048K)
 Metaspace       used 8959K, capacity 9130K, committed 9344K, reserved 1058816K
  class space    used 807K, capacity 848K, committed 896K, reserved 1048576K
}
Event: 0,993 GC heap before
{Heap before GC invocations=5 (full 0):
 garbage-first heap   total 200704K, used 118272K [0x0000000085200000, 0x0000000100000000)
  region size 1024K, 29 young (29696K), 2 survivors (2048K)
 Metaspace       used 8959K, capacity 9130K, committed 9344K, reserved 1058816K
  class space    used 807K, capacity 848K, committed 896K, reserved 1048576K
}
Event: 1,005 GC heap after
{Heap after GC invocations=6 (full 0):
 garbage-first heap   total 200704K, used 119296K [0x0000000085200000, 0x0000000100000000)
  region size 1024K, 4 young (4096K), 4 survivors (4096K)
 Metaspace       used 8959K, capacity 9130K, committed 9344K, reserved 1058816K
  class space    used 807K, capacity 848K, committed 896K, reserved 1048576K
}
Event: 1,014 GC heap before
{Heap before GC invocations=7 (full 0):
 garbage-first heap   total 200704K, used 134656K [0x0000000085200000, 0x0000000100000000)
  region size 1024K, 20 young (20480K), 4 survivors (4096K)
 Metaspace       used 8959K, capacity 9130K, committed 9344K, reserved 1058816K
  class space    used 807K, capacity 848K, committed 896K, reserved 1048576K
}
Event: 1,022 GC heap after
{Heap after GC invocations=8 (full 0):
 garbage-first heap   total 200704K, used 136192K [0x0000000085200000, 0x0000000100000000)
  region size 1024K, 3 young (3072K), 3 survivors (3072K)
 Metaspace       used 8959K, capacity 9130K, committed 9344K, reserved 1058816K
  class space    used 807K, capacity 848K, committed 896K, reserved 1048576K
}
Event: 1,084 GC heap before
{Heap before GC invocations=9 (full 0):
 garbage-first heap   total 222208K, used 144384K [0x0000000085200000, 0x0000000100000000)
  region size 1024K, 15 young (15360K), 3 survivors (3072K)
 Metaspace       used 8976K, capacity 9130K, committed 9344K, reserved 1058816K
  class space    used 808K, capacity 848K, committed 896K, reserved 1048576K
}
Event: 1,090 GC heap after
{Heap after GC invocations=10 (full 0):
 garbage-first heap   total 222208K, used 144384K [0x0000000085200000, 0x0000000100000000)
  region size 1024K, 2 young (2048K), 2 survivors (2048K)
 Metaspace       used 8976K, capacity 9130K, committed 9344K, reserved 1058816K
  class space    used 808K, capacity 848K, committed 896K, reserved 1048576K
}
Event: 1,094 GC heap before
{Heap before GC invocations=10 (full 0):
 garbage-first heap   total 222208K, used 152576K [0x0000000085200000, 0x0000000100000000)
  region size 1024K, 10 young (10240K), 2 survivors (2048K)
 Metaspace       used 8976K, capacity 9130K, committed 9344K, reserved 1058816K
  class space    used 808K, capacity 848K, committed 896K, reserved 1048576K
}
Event: 1,103 GC heap after
{Heap after GC invocations=11 (full 0):
 garbage-first heap   total 356352K, used 124928K [0x0000000085200000, 0x0000000100000000)
  region size 1024K, 2 young (2048K), 2 survivors (2048K)
 Metaspace       used 8976K, capacity 9130K, committed 9344K, reserved 1058816K
  class space    used 808K, capacity 848K, committed 896K, reserved 1048576K
}
Event: 2,850 GC heap before
{Heap before GC invocations=11 (full 0):
 garbage-first heap   total 356352K, used 140288K [0x0000000085200000, 0x0000000100000000)
  region size 1024K, 17 young (17408K), 2 survivors (2048K)
 Metaspace       used 8987K, capacity 9130K, committed 9344K, reserved 1058816K
  class space    used 808K, capacity 848K, committed 896K, reserved 1048576K
}
Event: 2,856 GC heap after
{Heap after GC invocations=12 (full 0):
 garbage-first heap   total 356352K, used 104704K [0x0000000085200000, 0x0000000100000000)
  region size 1024K, 3 young (3072K), 3 survivors (3072K)
 Metaspace       used 8987K, capacity 9130K, committed 9344K, reserved 1058816K
  class space    used 808K, capacity 848K, committed 896K, reserved 1048576K
}

