# JRE version: OpenJDK Runtime Environment (11.0.8+10) (build 11.0.8+10)
# Java VM: OpenJDK 64-Bit Server VM (11.0.8+10, mixed mode, tiered, compressed oops, g1 gc, linux-amd64)
Heap:
 garbage-first heap   total 280576K, used 61944K [0x0000000085200000, 0x0000000100000000)
  region size 1024K, 8 young (8192K), 2 survivors (2048K)
 Metaspace       used 9211K, capacity 9382K, committed 9728K, reserved 1058816K
  class space    used 855K, capacity 911K, committed 1024K, reserved 1048576K
GC Heap History (18 events):
Event: 0,267 GC heap before
{Heap before GC invocations=0 (full 0):
 garbage-first heap   total 126976K, used 37888K [0x0000000085200000, 0x0000000100000000)
  region size 1024K, 24 young (24576K), 0 survivors (0K)
 Metaspace       used 9181K, capacity 9318K, committed 9728K, reserved 1058816K
  class space    used 854K, capacity 911K, committed 1024K, reserved 1048576K
}
Event: 0,281 GC heap after
{Heap after GC invocations=1 (full 0):
 garbage-first heap   total 126976K, used 29860K [0x0000000085200000, 0x0000000100000000)
  region size 1024K, 3 young (3072K), 3 survivors (3072K)
 Metaspace       used 9181K, capacity 9318K, committed 9728K, reserved 1058816K
  class space    used 854K, capacity 911K, committed 1024K, reserved 1048576K
}
Event: 0,292 GC heap before
{Heap before GC invocations=1 (full 0):
 garbage-first heap   total 126976K, used 43172K [0x0000000085200000, 0x0000000100000000)
  region size 1024K, 16 young (16384K), 3 survivors (3072K)
 Metaspace       used 9181K, capacity 9318K, committed 9728K, reserved 1058816K
  class space    used 854K, capacity 911K, committed 1024K, reserved 1048576K
}
Event: 0,304 GC heap after
{Heap after GC invocations=2 (full 0):
 garbage-first heap   total 126976K, used 43520K [0x0000000085200000, 0x0000000100000000)
  region size 1024K, 2 young (2048K), 2 survivors (2048K)
 Metaspace       used 9181K, capacity 9318K, committed 9728K, reserved 1058816K
  class space    used 854K, capacity 911K, committed 1024K, reserved 1048576K
}
Event: 0,322 GC heap before
{Heap before GC invocations=2 (full 0):
 garbage-first heap   total 126976K, used 67072K [0x0000000085200000, 0x0000000100000000)
  region size 1024K, 25 young (25600K), 2 survivors (2048K)
 Metaspace       used 9181K, capacity 9318K, committed 9728K, reserved 1058816K
  class space    used 854K, capacity 911K, committed 1024K, reserved 1048576K
}
Event: 0,341 GC heap after
{Heap after GC invocations=3 (full 0):
 garbage-first heap   total 126976K, used 67584K [0x0000000085200000, 0x0000000100000000)
  region size 1024K, 4 young (4096K), 4 survivors (4096K)
 Metaspace       used 9181K, capacity 9318K, committed 9728K, reserved 1058816K
  class space    used 854K, capacity 911K, committed 1024K, reserved 1048576K
}
Event: 0,358 GC heap before
{Heap before GC invocations=3 (full 0):
 garbage-first heap   total 126976K, used 81920K [0x0000000085200000, 0x0000000100000000)
  region size 1024K, 18 young (18432K), 4 survivors (4096K)
 Metaspace       used 9186K, capacity 9382K, committed 9728K, reserved 1058816K
  class space    used 854K, capacity 911K, committed 1024K, reserved 1048576K
}
Event: 0,372 GC heap after
{Heap after GC invocations=4 (full 0):
 garbage-first heap   total 126976K, used 82432K [0x0000000085200000, 0x0000000100000000)
  region size 1024K, 3 young (3072K), 3 survivors (3072K)
 Metaspace       used 9186K, capacity 9382K, committed 9728K, reserved 1058816K
  class space    used 854K, capacity 911K, committed 1024K, reserved 1048576K
}
Event: 0,386 GC heap before
{Heap before GC invocations=4 (full 0):
 garbage-first heap   total 126976K, used 91648K [0x0000000085200000, 0x0000000100000000)
  region size 1024K, 12 young (12288K), 3 survivors (3072K)
 Metaspace       used 9186K, capacity 9382K, committed 9728K, reserved 1058816K
  class space    used 854K, capacity 911K, committed 1024K, reserved 1048576K
}
Event: 0,397 GC heap after
{Heap after GC invocations=5 (full 0):
 garbage-first heap   total 280576K, used 92160K [0x0000000085200000, 0x0000000100000000)
  region size 1024K, 2 young (2048K), 2 survivors (2048K)
 Metaspace       used 9186K, capacity 9382K, committed 9728K, reserved 1058816K
  class space    used 854K, capacity 911K, committed 1024K, reserved 1048576K
}
Event: 0,476 GC heap before
{Heap before GC invocations=6 (full 0):
 garbage-first heap   total 280576K, used 144384K [0x0000000085200000, 0x0000000100000000)
  region size 1024K, 44 young (45056K), 2 survivors (2048K)
 Metaspace       used 9200K, capacity 9382K, committed 9728K, reserved 1058816K
  class space    used 854K, capacity 911K, committed 1024K, reserved 1048576K
}
Event: 0,493 GC heap after
{Heap after GC invocations=7 (full 0):
 garbage-first heap   total 280576K, used 145167K [0x0000000085200000, 0x0000000100000000)
  region size 1024K, 6 young (6144K), 6 survivors (6144K)
 Metaspace       used 9200K, capacity 9382K, committed 9728K, reserved 1058816K
  class space    used 854K, capacity 911K, committed 1024K, reserved 1048576K
}
Event: 0,520 GC heap before
{Heap before GC invocations=7 (full 0):
 garbage-first heap   total 280576K, used 174863K [0x0000000085200000, 0x0000000100000000)
  region size 1024K, 35 young (35840K), 6 survivors (6144K)
 Metaspace       used 9206K, capacity 9382K, committed 9728K, reserved 1058816K
  class space    used 855K, capacity 911K, committed 1024K, reserved 1048576K
}
Event: 0,539 GC heap after
{Heap after GC invocations=8 (full 0):
 garbage-first heap   total 280576K, used 166912K [0x0000000085200000, 0x0000000100000000)
  region size 1024K, 5 young (5120K), 5 survivors (5120K)
 Metaspace       used 9206K, capacity 9382K, committed 9728K, reserved 1058816K
  class space    used 855K, capacity 911K, committed 1024K, reserved 1048576K
}
Event: 6,687 GC heap before
{Heap before GC invocations=9 (full 0):
 garbage-first heap   total 280576K, used 65536K [0x0000000085200000, 0x0000000100000000)
  region size 1024K, 31 young (31744K), 5 survivors (5120K)
 Metaspace       used 9211K, capacity 9382K, committed 9728K, reserved 1058816K
  class space    used 855K, capacity 911K, committed 1024K, reserved 1048576K
}
Event: 6,692 GC heap after
{Heap after GC invocations=10 (full 0):
 garbage-first heap   total 280576K, used 51712K [0x0000000085200000, 0x0000000100000000)
  region size 1024K, 4 young (4096K), 4 survivors (4096K)
 Metaspace       used 9211K, capacity 9382K, committed 9728K, reserved 1058816K
  class space    used 855K, capacity 911K, committed 1024K, reserved 1048576K
}
Event: 8,239 GC heap before
{Heap before GC invocations=10 (full 0):
 garbage-first heap   total 280576K, used 60928K [0x0000000085200000, 0x0000000100000000)
  region size 1024K, 13 young (13312K), 4 survivors (4096K)
 Metaspace       used 9211K, capacity 9382K, committed 9728K, reserved 1058816K
  class space    used 855K, capacity 911K, committed 1024K, reserved 1048576K
}
Event: 8,243 GC heap after
{Heap after GC invocations=11 (full 0):
 garbage-first heap   total 280576K, used 56824K [0x0000000085200000, 0x0000000100000000)
  region size 1024K, 2 young (2048K), 2 survivors (2048K)
 Metaspace       used 9211K, capacity 9382K, committed 9728K, reserved 1058816K
  class space    used 855K, capacity 911K, committed 1024K, reserved 1048576K
}

